<?xml version="1.0" encoding="UTF-8"?>
<!-- Generated by org.testng.reporters.JUnitReportReporter -->
<testsuite skipped="0" hostname="YOGA" name="org.browsertest.Browser" tests="2" failures="0" timestamp="16 May 2022 16:24:24 GMT" time="15.433" errors="0">
  <testcase name="login" time="9.159" classname="org.browsertest.Browser"/>
  <testcase name="login" time="6.274" classname="org.browsertest.Browser"/>
</testsuite> <!-- org.browsertest.Browser -->
