<?xml version="1.0" encoding="UTF-8"?>
<!-- Generated by org.testng.reporters.JUnitReportReporter -->
<testsuite skipped="0" hostname="YOGA" name="org.browsertest.BrowserLaunch" tests="1" failures="0" timestamp="15 May 2022 17:29:26 GMT" time="10.302" errors="0">
  <testcase name="frameHandling" time="10.302" classname="org.browsertest.BrowserLaunch"/>
</testsuite> <!-- org.browsertest.BrowserLaunch -->
